[2017-03-24 16:31:44.382] [INFO] [default] - GET / - 116ms
[2017-03-24 16:31:45.291] [INFO] [default] - GET / - 6ms
[2017-03-24 16:31:52.380] [INFO] [default] - GET / - 9ms
[2017-03-24 16:31:53.048] [INFO] [default] - GET / - 4ms
[2017-03-24 16:32:17.790] [INFO] [default] - GET / - 运行用时：113ms
[2017-03-24 16:32:18.646] [INFO] [default] - GET / - 运行用时：5ms
[2017-03-24 16:50:39.198] [INFO] [default] - GET / - 运行用时：115ms
[2017-03-24 17:01:15.995] [INFO] [default] - GET /index - 运行用时：161ms
[2017-03-24 17:02:11.991] [INFO] [default] - GET /index - 运行用时：116ms
[2017-03-24 17:09:04.416] [INFO] [default] - GET /index - 运行用时：126ms
[2017-03-24 17:09:10.707] [INFO] [default] - GET /index - 运行用时：9ms
[2017-03-24 17:09:23.916] [INFO] [default] - GET /index - 运行用时：2ms
[2017-03-24 17:36:55.537] [INFO] [default] - GET /index - 运行用时：0ms
[2017-03-24 17:36:56.749] [INFO] [default] - GET /index - 运行用时：0ms
[2017-03-24 17:40:25.078] [INFO] [default] - GET /123123 - 运行用时：0ms
[2017-03-24 17:42:19.491] [INFO] [default] - GET / - 运行用时：4ms
[2017-03-24 17:42:19.494] [INFO] [default] - GET / - 运行用时：8ms
[2017-03-24 17:42:22.498] [INFO] [default] - GET / - 运行用时：1ms
[2017-03-24 17:42:22.498] [INFO] [default] - GET / - 运行用时：1ms
[2017-03-24 17:43:03.382] [INFO] [default] - GET / - 运行用时：2ms
[2017-03-24 17:43:03.390] [INFO] [default] - GET / - 运行用时：10ms
[2017-03-24 17:43:09.354] [INFO] [default] - GET / - 运行用时：1ms
[2017-03-24 17:43:09.354] [INFO] [default] - GET / - 运行用时：1ms
[2017-03-24 17:43:34.750] [INFO] [default] - GET / - 运行用时：2ms
[2017-03-24 17:43:47.898] [INFO] [default] - GET /123213 - 运行用时：1ms
[2017-03-24 17:43:50.139] [INFO] [default] - GET /123213 - 运行用时：0ms
[2017-03-27 14:07:42.346] [INFO] [default] - GET /favicon.ico - 运行用时：1ms
[2017-03-27 14:09:47.610] [INFO] [default] - GET / - 运行用时：4ms
[2017-03-27 14:10:11.259] [INFO] [default] - GET /123 - 运行用时：1ms
[2017-03-27 14:10:12.292] [INFO] [default] - GET /123 - 运行用时：0ms
[2017-03-27 14:10:46.412] [INFO] [default] - GET /123 - 运行用时：2ms
[2017-03-27 14:15:05.545] [INFO] [default] - GET /123 - 运行用时：2ms
[2017-03-27 14:15:06.295] [INFO] [default] - GET /123 - 运行用时：0ms
[2017-03-27 14:15:06.798] [INFO] [default] - GET /123 - 运行用时：0ms
[2017-03-27 14:15:09.374] [INFO] [default] - GET / - 运行用时：0ms
[2017-03-27 14:15:10.219] [INFO] [default] - GET / - 运行用时：0ms
[2017-03-27 14:15:10.728] [INFO] [default] - GET / - 运行用时：0ms
[2017-03-27 14:19:58.146] [INFO] [default] - GET /user/123 - 运行用时：2ms
[2017-03-27 14:20:02.822] [INFO] [default] - GET /user/123 - 运行用时：0ms
[2017-03-27 14:20:09.712] [INFO] [default] - GET /user - 运行用时：0ms
[2017-03-27 14:20:13.335] [INFO] [default] - GET /user/213 - 运行用时：0ms
[2017-03-27 14:22:11.482] [INFO] [default] - GET /user/213 - 运行用时：3ms
[2017-03-27 14:22:12.254] [INFO] [default] - GET /user/213 - 运行用时：0ms
[2017-03-27 14:24:49.740] [INFO] [default] - GET /user/213 - 运行用时：3ms
[2017-03-27 14:24:50.460] [INFO] [default] - GET /user/213 - 运行用时：0ms
[2017-03-27 14:24:51.922] [INFO] [default] - GET /user/123 - 运行用时：0ms
[2017-03-27 14:24:53.149] [INFO] [default] - GET /user/234 - 运行用时：0ms
[2017-03-27 14:24:55.760] [INFO] [default] - GET / - 运行用时：0ms
[2017-03-27 14:24:56.560] [INFO] [default] - GET / - 运行用时：0ms
[2017-03-27 14:24:57.091] [INFO] [default] - GET / - 运行用时：0ms
[2017-03-27 14:31:42.029] [INFO] [default] - GET /sign-in - 运行用时：1ms
[2017-03-27 14:31:43.036] [INFO] [default] - GET /sign-in - 运行用时：0ms
[2017-03-27 14:31:52.152] [INFO] [default] - GET /sign-in - 运行用时：2ms
[2017-03-27 14:31:55.015] [INFO] [default] - GET /userId - 运行用时：0ms
[2017-03-27 14:33:46.865] [INFO] [default] - GET /userId - 运行用时：2ms
[2017-03-27 14:51:05.089] [INFO] [default] - GET / - 运行用时：1ms
[2017-03-27 14:51:05.894] [INFO] [default] - GET / - 运行用时：1ms
[2017-03-27 15:00:01.101] [INFO] [default] - GET / - 运行用时：2ms
[2017-03-27 15:00:01.799] [INFO] [default] - GET / - 运行用时：0ms
[2017-03-27 15:00:07.950] [INFO] [default] - GET / - 运行用时：0ms
[2017-03-27 15:00:33.151] [INFO] [default] - GET / - 运行用时：2ms
[2017-03-27 15:01:35.222] [INFO] [default] - GET / - 运行用时：0ms
[2017-03-27 15:16:51.588] [INFO] [default] - GET /title - 运行用时：1ms
[2017-03-27 15:16:54.339] [INFO] [default] - GET /title - 运行用时：0ms
[2017-03-27 15:25:55.198] [INFO] [default] - GET //fhbjgbiflinjbdggehcddcbncdddomop - 运行用时：0ms
[2017-03-27 15:29:43.442] [INFO] [default] - GET /baseKeyWord/addData?keyName=autoLoop&tips=%E8%87%AA%E5%8A%A8%E5%BE%AA%E7%8E%AF - 运行用时：0ms
[2017-03-27 15:29:43.931] [INFO] [default] - GET /baseKeyWord/addData?keyName=autoLoop&tips=%E8%87%AA%E5%8A%A8%E5%BE%AA%E7%8E%AF - 运行用时：0ms
[2017-03-27 15:29:44.465] [INFO] [default] - GET /baseKeyWord/addData?keyName=autoLoop&tips=%E8%87%AA%E5%8A%A8%E5%BE%AA%E7%8E%AF - 运行用时：0ms
[2017-03-27 16:35:12.133] [INFO] [default] - POST /baseKeyWord/deleteDate - 运行用时：1ms
[2017-03-27 16:35:29.920] [INFO] [default] - POST /baseKeyWord/deleteDate - 运行用时：0ms
[2017-03-27 16:35:52.359] [INFO] [default] - POST /baseKeyWord/deleteDate - 运行用时：0ms
[2017-03-27 16:35:52.972] [INFO] [default] - POST /baseKeyWord/deleteDate - 运行用时：0ms
[2017-03-27 17:32:52.484] [INFO] [default] - GET /baseKeyWord/getValidAll - 运行用时：0ms
